{
  "stats": {
    "suites": 1,
    "tests": 2,
    "passes": 2,
    "pending": 0,
    "failures": 0,
    "start": "2024-07-19T13:10:30.109Z",
    "end": "2024-07-19T13:10:33.520Z",
    "duration": 3411,
    "testsRegistered": 2,
    "passPercent": 100,
    "pendingPercent": 0,
    "other": 0,
    "hasOther": false,
    "skipped": 0,
    "hasSkipped": false
  },
  "results": [
    {
      "uuid": "e19c261f-8ea3-4eea-98b7-9ba8db9f6685",
      "title": "",
      "fullFile": "cypress\\e2e\\todo.cy.ts",
      "file": "cypress\\e2e\\todo.cy.ts",
      "beforeHooks": [],
      "afterHooks": [],
      "tests": [],
      "suites": [
        {
          "uuid": "f190bbdd-a727-431a-a1e8-8553bdb954f1",
          "title": "Todo Test cases",
          "fullFile": "",
          "file": "",
          "beforeHooks": [],
          "afterHooks": [],
          "tests": [
            {
              "title": "should be able to add a todo",
              "fullTitle": "Todo Test cases should be able to add a todo",
              "timedOut": null,
              "duration": 2558,
              "state": "passed",
              "speed": "fast",
              "pass": true,
              "fail": false,
              "pending": false,
              "context": null,
              "code": "newTodoPage.load();\nnewTodoPage.addTodo(\"Learn Cypress!\");\ntodoPage.getTodoItem().should(\"contain.text\", \"Learn Cypress!\");",
              "err": {},
              "uuid": "065c7d9e-99c9-40b4-9f66-678104eaeeae",
              "parentUUID": "f190bbdd-a727-431a-a1e8-8553bdb954f1",
              "isHook": false,
              "skipped": false
            },
            {
              "title": "should be able to delete a todo",
              "fullTitle": "Todo Test cases should be able to delete a todo",
              "timedOut": null,
              "duration": 790,
              "state": "passed",
              "speed": "fast",
              "pass": true,
              "fail": false,
              "pending": false,
              "context": null,
              "code": "newTodoPage.addTodoUsingAPI(user);\ntodoPage.load();\ntodoPage.deleteTodo();\ntodoPage.getNoTodosMessage().should(\"be.visible\");",
              "err": {},
              "uuid": "65b1aa46-8a52-41eb-848c-99a9d17fcfdd",
              "parentUUID": "f190bbdd-a727-431a-a1e8-8553bdb954f1",
              "isHook": false,
              "skipped": false
            }
          ],
          "suites": [],
          "passes": [
            "065c7d9e-99c9-40b4-9f66-678104eaeeae",
            "65b1aa46-8a52-41eb-848c-99a9d17fcfdd"
          ],
          "failures": [],
          "pending": [],
          "skipped": [],
          "duration": 3348,
          "root": false,
          "rootEmpty": false,
          "_timeout": 2000
        }
      ],
      "passes": [],
      "failures": [],
      "pending": [],
      "skipped": [],
      "duration": 0,
      "root": true,
      "rootEmpty": true,
      "_timeout": 2000
    }
  ],
  "meta": {
    "mocha": {
      "version": "7.0.1"
    },
    "mochawesome": {
      "options": {
        "quiet": false,
        "reportFilename": "mochawesome",
        "saveHtml": false,
        "saveJson": true,
        "consoleReporter": "spec",
        "useInlineDiffs": false,
        "code": true
      },
      "version": "7.1.3"
    },
    "marge": {
      "options": {
        "id": "default",
        "reportDir": "cypress/results/json",
        "overwrite": false,
        "html": false,
        "json": true
      },
      "version": "6.2.0"
    }
  }
}